\BOOKMARK [1][-]{section.1}{Introduction}{}% 1
\BOOKMARK [2][-]{subsection.1.1}{Objectives}{section.1}% 2
\BOOKMARK [2][-]{subsection.1.2}{Project Schedule}{section.1}% 3
\BOOKMARK [1][-]{section.2}{The Ontology}{}% 4
\BOOKMARK [2][-]{subsection.2.1}{Tbox}{section.2}% 5
\BOOKMARK [2][-]{subsection.2.2}{Abox}{section.2}% 6
\BOOKMARK [1][-]{section.3}{Involved Technologies}{}% 7
\BOOKMARK [2][-]{subsection.3.1}{JENA Ontology API}{section.3}% 8
\BOOKMARK [2][-]{subsection.3.2}{ROS Famework}{section.3}% 9
\BOOKMARK [2][-]{subsection.3.3}{Simulation Environment with Gazebo}{section.3}% 10
\BOOKMARK [1][-]{section.4}{The Architecture}{}% 11
\BOOKMARK [2][-]{subsection.4.1}{System description}{section.4}% 12
\BOOKMARK [2][-]{subsection.4.2}{Test case}{section.4}% 13
\BOOKMARK [1][-]{section.5}{The Application}{}% 14
\BOOKMARK [2][-]{subsection.5.1}{Module Flow}{section.5}% 15
\BOOKMARK [2][-]{subsection.5.2}{Use Cases}{section.5}% 16
\BOOKMARK [2][-]{subsection.5.3}{Exporting Ontology}{section.5}% 17
\BOOKMARK [2][-]{subsection.5.4}{Future works}{section.5}% 18
\BOOKMARK [0][-]{subsection.5.4}{Elenco delle figure}{}% 19
\BOOKMARK [0][-]{section*.5}{References}{}% 20
